<?xml version="1.0" encoding="UTF-8"?>
<!-- Generated by org.testng.reporters.JUnitReportReporter -->
<testsuite skipped="0" hostname="LAPTOP-7MH8S9EP" name="b003_Textbox_textarea.TC_01" tests="1" failures="0" timestamp="28 Sep 2020 13:33:50 GMT" time="0.651" errors="0">
  <testcase name="f" time="0.651" classname="b003_Textbox_textarea.TC_01"/>
</testsuite> <!-- b003_Textbox_textarea.TC_01 -->
