<?xml version="1.0" encoding="UTF-8"?>
<!-- Generated by org.testng.reporters.JUnitReportReporter -->
<testsuite skipped="0" hostname="LAPTOP-7MH8S9EP" name="b003_Textbox_textarea.TC_01" tests="1" failures="0" timestamp="05 Oct 2020 14:47:02 GMT" time="1.549" errors="0">
  <testcase name="login" time="1.549" classname="b003_Textbox_textarea.TC_01"/>
</testsuite> <!-- b003_Textbox_textarea.TC_01 -->
