<?xml version="1.0" encoding="UTF-8"?>
<!-- Generated by org.testng.reporters.JUnitReportReporter -->
<testsuite skipped="0" hostname="LAPTOP-7MH8S9EP" name="b014_Wait.Wait_Part_III_Explicit_Wait" tests="1" failures="0" timestamp="22 Dec 2020 02:43:08 GMT" time="28.424" errors="0">
  <testcase name="TC_04_Upload_ExplicitWait" time="28.424" classname="b014_Wait.Wait_Part_III_Explicit_Wait"/>
</testsuite> <!-- b014_Wait.Wait_Part_III_Explicit_Wait -->
