<?xml version="1.0" encoding="UTF-8"?>
<!-- Generated by org.testng.reporters.JUnitReportReporter -->
<testsuite skipped="0" hostname="LAPTOP-7MH8S9EP" name="b003_Textbox_textarea.login_verifynewcustomer" tests="4" failures="0" timestamp="14 Oct 2020 15:28:59 GMT" time="64.340" errors="0">
  <testcase name="TC_02_Login" time="27.427" classname="b003_Textbox_textarea.login_verifynewcustomer"/>
  <testcase name="TC_03_CreateNewCustomer" time="7.215" classname="b003_Textbox_textarea.login_verifynewcustomer"/>
  <testcase name="TC_04_EditCustomer" time="16.704" classname="b003_Textbox_textarea.login_verifynewcustomer"/>
  <testcase name="TC_01_Register" time="12.994" classname="b003_Textbox_textarea.login_verifynewcustomer"/>
</testsuite> <!-- b003_Textbox_textarea.login_verifynewcustomer -->
