<?xml version="1.0" encoding="UTF-8"?>
<!-- Generated by org.testng.reporters.JUnitReportReporter -->
<testsuite skipped="0" hostname="LAPTOP-7MH8S9EP" name="b006_webbrower_element.Webelement" tests="5" failures="0" timestamp="17 Oct 2020 07:02:29 GMT" time="58.937" errors="0">
  <testcase name="TC_03_Element_Enabled" time="0.687" classname="b006_webbrower_element.Webelement"/>
  <testcase name="TC_04_Selected" time="5.096" classname="b006_webbrower_element.Webelement"/>
  <testcase name="TC_05_Register" time="15.880" classname="b006_webbrower_element.Webelement"/>
  <testcase name="TC_01_Element_display" time="36.080" classname="b006_webbrower_element.Webelement"/>
  <testcase name="TC_02_Element_Displayed" time="1.194" classname="b006_webbrower_element.Webelement"/>
</testsuite> <!-- b006_webbrower_element.Webelement -->
