<?xml version="1.0" encoding="UTF-8"?>
<!-- Generated by org.testng.reporters.JUnitReportReporter -->
<testsuite skipped="0" hostname="LAPTOP-7MH8S9EP" name="b010_user_interactions.Interactions" tests="7" failures="0" timestamp="13 Nov 2020 14:16:48 GMT" time="56.093" errors="0">
  <testcase name="TC03_click_hover" time="9.673" classname="b010_user_interactions.Interactions"/>
  <testcase name="TC_02_Hover_Mouse" time="6.266" classname="b010_user_interactions.Interactions"/>
  <testcase name="TC04_doubleclick" time="30.580" classname="b010_user_interactions.Interactions"/>
  <testcase name="TC05_hover" time="0.000" classname="b010_user_interactions.Interactions"/>
  <testcase name="TC01_hover" time="9.569" classname="b010_user_interactions.Interactions"/>
  <testcase name="TC04_hover" time="0.001" classname="b010_user_interactions.Interactions"/>
  <testcase name="TC06_hover" time="0.004" classname="b010_user_interactions.Interactions"/>
</testsuite> <!-- b010_user_interactions.Interactions -->
