<?xml version="1.0" encoding="UTF-8"?>
<!-- Generated by org.testng.reporters.JUnitReportReporter -->
<testsuite skipped="0" hostname="LAPTOP-7MH8S9EP" name="b006_webbrower_element.Exercise2" tests="4" failures="0" timestamp="16 Oct 2020 15:15:08 GMT" time="7.588" errors="0">
  <testcase name="TC02_verifyTitle" time="0.003" classname="b006_webbrower_element.Exercise2"/>
  <testcase name="TC04_verifyGetsource" time="0.001" classname="b006_webbrower_element.Exercise2"/>
  <testcase name="TC03_verifyNagativeFunction" time="0.003" classname="b006_webbrower_element.Exercise2"/>
  <testcase name="TC01_verifyURL" time="7.581" classname="b006_webbrower_element.Exercise2"/>
</testsuite> <!-- b006_webbrower_element.Exercise2 -->
