<?xml version="1.0" encoding="UTF-8"?>
<!-- Generated by org.testng.reporters.JUnitReportReporter -->
<testsuite skipped="0" hostname="LAPTOP-7MH8S9EP" name="b006_webbrower_element.Exercise" tests="4" failures="0" timestamp="10 Oct 2020 06:29:08 GMT" time="15.136" errors="0">
  <testcase name="TC02_verifyTitle" time="2.214" classname="b006_webbrower_element.Exercise"/>
  <testcase name="TC04_verifyGetsource" time="3.007" classname="b006_webbrower_element.Exercise"/>
  <testcase name="TC01_verifyURL" time="5.409" classname="b006_webbrower_element.Exercise"/>
  <testcase name="TC03_verifyNagativeFunction" time="4.506" classname="b006_webbrower_element.Exercise"/>
</testsuite> <!-- b006_webbrower_element.Exercise -->
