<?xml version="1.0" encoding="UTF-8"?>
<!-- Generated by org.testng.reporters.JUnitReportReporter -->
<testsuite skipped="0" hostname="LAPTOP-7MH8S9EP" name="b015_Upload_Senkey_AutoIT.Upload_Senkey_AutoIT" tests="1" failures="0" timestamp="22 Dec 2020 07:41:06 GMT" time="25.020" errors="0">
  <testcase name="TC_02_Upload_Gofile" time="25.020" classname="b015_Upload_Senkey_AutoIT.Upload_Senkey_AutoIT"/>
</testsuite> <!-- b015_Upload_Senkey_AutoIT.Upload_Senkey_AutoIT -->
