<?xml version="1.0" encoding="UTF-8"?>
<!-- Generated by org.testng.reporters.JUnitReportReporter -->
<testsuite skipped="0" hostname="LAPTOP-7MH8S9EP" name="b008_button_checkbox.button_checkbox" tests="3" failures="0" timestamp="07 Nov 2020 03:25:24 GMT" time="49.357" errors="0">
  <testcase name="TC_02_Checkbox" time="24.086" classname="b008_button_checkbox.button_checkbox"/>
  <testcase name="TC_03_Checkbox_Custom" time="4.242" classname="b008_button_checkbox.button_checkbox"/>
  <testcase name="TC_01_Button" time="21.029" classname="b008_button_checkbox.button_checkbox"/>
</testsuite> <!-- b008_button_checkbox.button_checkbox -->
