<?xml version="1.0" encoding="UTF-8"?>
<!-- Generated by org.testng.reporters.JUnitReportReporter -->
<testsuite skipped="0" hostname="LAPTOP-7MH8S9EP" name="b007_dropdown.Dropdowm" tests="1" failures="0" timestamp="17 Oct 2020 15:49:10 GMT" time="9.300" errors="0">
  <testcase name="TC_01_register" time="9.300" classname="b007_dropdown.Dropdowm"/>
</testsuite> <!-- b007_dropdown.Dropdowm -->
