<?xml version="1.0" encoding="UTF-8"?>
<!-- Generated by org.testng.reporters.JUnitReportReporter -->
<testsuite skipped="0" hostname="LAPTOP-7MH8S9EP" name="b001_Check_Environment.Topic_02_Check_ENV" tests="4" failures="0" timestamp="27 Nov 2020 09:10:51 GMT" time="1.399" errors="1">
  <testcase name="TC_02_RunChorme" time="1.270" classname="b001_Check_Environment.Topic_02_Check_ENV">
    <error type="org.openqa.selenium.SessionNotCreatedException" message="session not created: This version of ChromeDriver only supports Chrome version 85
Build info: version: &#039;3.141.59&#039;, revision: &#039;e82be7d358&#039;, time: &#039;2018-11-14T08:25:53&#039;
System info: host: &#039;LAPTOP-7MH8S9EP&#039;, ip: &#039;192.168.1.100&#039;, os.name: &#039;Windows 10&#039;, os.arch: &#039;amd64&#039;, os.version: &#039;10.0&#039;, java.version: &#039;1.8.0_261&#039;
Driver info: driver.version: ChromeDriver
remote stacktrace: Backtrace:
	Ordinal0 [0x0063D383+3134339]
	Ordinal0 [0x0052A171+2007409]
	Ordinal0 [0x003CAEE8+569064]
	Ordinal0 [0x0035139F+70559]
	Ordinal0 [0x0034CC63+52323]
	Ordinal0 [0x00370DFC+200188]
	Ordinal0 [0x00370C1D+199709]
	Ordinal0 [0x0036EB0B+191243]
	Ordinal0 [0x00352E77+77431]
	Ordinal0 [0x00353E3E+81470]
	Ordinal0 [0x00353DC9+81353]
	Ordinal0 [0x00540CD9+2100441]
	GetHandleVerifier [0x007AB75A+1396954]
	GetHandleVerifier [0x007AB3D9+1396057]
	GetHandleVerifier [0x007B7126+1444518]
	GetHandleVerifier [0x007ABCE8+1398376]
	Ordinal0 [0x00537F51+2064209]
	Ordinal0 [0x005422EB+2106091]
	Ordinal0 [0x00542411+2106385]
	Ordinal0 [0x005549C4+2181572]
	BaseThreadInitThunk [0x76AC6359+25]
	RtlGetAppContainerNamedObjectPath [0x77068944+228]
	RtlGetAppContainerNamedObjectPath [0x77068914+180]
">
      <![CDATA[org.openqa.selenium.SessionNotCreatedException: session not created: This version of ChromeDriver only supports Chrome version 85
Build info: version: '3.141.59', revision: 'e82be7d358', time: '2018-11-14T08:25:53'
System info: host: 'LAPTOP-7MH8S9EP', ip: '192.168.1.100', os.name: 'Windows 10', os.arch: 'amd64', os.version: '10.0', java.version: '1.8.0_261'
Driver info: driver.version: ChromeDriver
remote stacktrace: Backtrace:
Ordinal0 [0x0063D383+3134339]
Ordinal0 [0x0052A171+2007409]
Ordinal0 [0x003CAEE8+569064]
Ordinal0 [0x0035139F+70559]
Ordinal0 [0x0034CC63+52323]
Ordinal0 [0x00370DFC+200188]
Ordinal0 [0x00370C1D+199709]
Ordinal0 [0x0036EB0B+191243]
Ordinal0 [0x00352E77+77431]
Ordinal0 [0x00353E3E+81470]
Ordinal0 [0x00353DC9+81353]
Ordinal0 [0x00540CD9+2100441]
GetHandleVerifier [0x007AB75A+1396954]
GetHandleVerifier [0x007AB3D9+1396057]
GetHandleVerifier [0x007B7126+1444518]
GetHandleVerifier [0x007ABCE8+1398376]
Ordinal0 [0x00537F51+2064209]
Ordinal0 [0x005422EB+2106091]
Ordinal0 [0x00542411+2106385]
Ordinal0 [0x005549C4+2181572]
BaseThreadInitThunk [0x76AC6359+25]
RtlGetAppContainerNamedObjectPath [0x77068944+228]
RtlGetAppContainerNamedObjectPath [0x77068914+180]

at sun.reflect.NativeConstructorAccessorImpl.newInstance0(Native Method)
at sun.reflect.NativeConstructorAccessorImpl.newInstance(Unknown Source)
at sun.reflect.DelegatingConstructorAccessorImpl.newInstance(Unknown Source)
at java.lang.reflect.Constructor.newInstance(Unknown Source)
at org.openqa.selenium.remote.W3CHandshakeResponse.lambda$errorHandler$0(W3CHandshakeResponse.java:62)
at org.openqa.selenium.remote.HandshakeResponse.lambda$getResponseFunction$0(HandshakeResponse.java:30)
at org.openqa.selenium.remote.ProtocolHandshake.lambda$createSession$0(ProtocolHandshake.java:126)
at java.util.stream.ReferencePipeline$3$1.accept(Unknown Source)
at java.util.Spliterators$ArraySpliterator.tryAdvance(Unknown Source)
at java.util.stream.ReferencePipeline.forEachWithCancel(Unknown Source)
at java.util.stream.AbstractPipeline.copyIntoWithCancel(Unknown Source)
at java.util.stream.AbstractPipeline.copyInto(Unknown Source)
at java.util.stream.AbstractPipeline.wrapAndCopyInto(Unknown Source)
at java.util.stream.FindOps$FindOp.evaluateSequential(Unknown Source)
at java.util.stream.AbstractPipeline.evaluate(Unknown Source)
at java.util.stream.ReferencePipeline.findFirst(Unknown Source)
at org.openqa.selenium.remote.ProtocolHandshake.createSession(ProtocolHandshake.java:128)
at org.openqa.selenium.remote.ProtocolHandshake.createSession(ProtocolHandshake.java:74)
at org.openqa.selenium.remote.HttpCommandExecutor.execute(HttpCommandExecutor.java:136)
at org.openqa.selenium.remote.service.DriverCommandExecutor.execute(DriverCommandExecutor.java:83)
at org.openqa.selenium.remote.RemoteWebDriver.execute(RemoteWebDriver.java:552)
at org.openqa.selenium.remote.RemoteWebDriver.startSession(RemoteWebDriver.java:213)
at org.openqa.selenium.remote.RemoteWebDriver.<init>(RemoteWebDriver.java:131)
at org.openqa.selenium.chrome.ChromeDriver.<init>(ChromeDriver.java:181)
at org.openqa.selenium.chrome.ChromeDriver.<init>(ChromeDriver.java:168)
at org.openqa.selenium.chrome.ChromeDriver.<init>(ChromeDriver.java:123)
at b001_Check_Environment.Topic_02_Check_ENV.TC_02_RunChorme(Topic_02_Check_ENV.java:32)
at sun.reflect.NativeMethodAccessorImpl.invoke0(Native Method)
at sun.reflect.NativeMethodAccessorImpl.invoke(Unknown Source)
at sun.reflect.DelegatingMethodAccessorImpl.invoke(Unknown Source)
at java.lang.reflect.Method.invoke(Unknown Source)
at org.testng.internal.MethodInvocationHelper.invokeMethod(MethodInvocationHelper.java:124)
at org.testng.internal.Invoker.invokeMethod(Invoker.java:583)
at org.testng.internal.Invoker.invokeTestMethod(Invoker.java:719)
at org.testng.internal.Invoker.invokeTestMethods(Invoker.java:989)
at org.testng.internal.TestMethodWorker.invokeTestMethods(TestMethodWorker.java:125)
at org.testng.internal.TestMethodWorker.run(TestMethodWorker.java:109)
at org.testng.TestRunner.privateRun(TestRunner.java:648)
at org.testng.TestRunner.run(TestRunner.java:505)
at org.testng.SuiteRunner.runTest(SuiteRunner.java:455)
at org.testng.SuiteRunner.runSequentially(SuiteRunner.java:450)
at org.testng.SuiteRunner.privateRun(SuiteRunner.java:415)
at org.testng.SuiteRunner.run(SuiteRunner.java:364)
at org.testng.SuiteRunnerWorker.runSuite(SuiteRunnerWorker.java:52)
at org.testng.SuiteRunnerWorker.run(SuiteRunnerWorker.java:84)
at org.testng.TestNG.runSuitesSequentially(TestNG.java:1208)
at org.testng.TestNG.runSuitesLocally(TestNG.java:1137)
at org.testng.TestNG.runSuites(TestNG.java:1049)
at org.testng.TestNG.run(TestNG.java:1017)
at org.testng.remote.AbstractRemoteTestNG.run(AbstractRemoteTestNG.java:115)
at org.testng.remote.RemoteTestNG.initAndRun(RemoteTestNG.java:251)
at org.testng.remote.RemoteTestNG.main(RemoteTestNG.java:77)
]]>
    </error>
  </testcase> <!-- TC_02_RunChorme -->
  <testcase name="TC_05_LoginFormDisplayed" time="0.103" classname="b001_Check_Environment.Topic_02_Check_ENV"/>
  <testcase name="TC_04_ValidatePageTitle" time="0.011" classname="b001_Check_Environment.Topic_02_Check_ENV"/>
  <testcase name="TC_03_ValidateCurrentUrl" time="0.015" classname="b001_Check_Environment.Topic_02_Check_ENV"/>
</testsuite> <!-- b001_Check_Environment.Topic_02_Check_ENV -->
