<?xml version="1.0" encoding="UTF-8"?>
<!-- Generated by org.testng.reporters.JUnitReportReporter -->
<testsuite skipped="0" hostname="LAPTOP-7MH8S9EP" name="b011_popup.Popup" tests="1" failures="0" timestamp="27 Nov 2020 09:20:04 GMT" time="11.664" errors="0">
  <testcase name="TC_03_Random_Popup_notInDOM" time="11.664" classname="b011_popup.Popup"/>
</testsuite> <!-- b011_popup.Popup -->
