<?xml version="1.0" encoding="UTF-8"?>
<!-- Generated by org.testng.reporters.JUnitReportReporter -->
<testsuite skipped="0" hostname="LAPTOP-7MH8S9EP" name="b010_user_interactions.Interactions" tests="1" failures="0" timestamp="16 Nov 2020 16:10:59 GMT" time="10.681" errors="0">
  <testcase name="TC_07_Drag_And_Drop_HTML5" time="10.681" classname="b010_user_interactions.Interactions"/>
</testsuite> <!-- b010_user_interactions.Interactions -->
