<?xml version="1.0" encoding="UTF-8"?>
<!-- Generated by org.testng.reporters.JUnitReportReporter -->
<testsuite skipped="0" hostname="LAPTOP-7MH8S9EP" name="b014_Wait.Wait_Part_IV_Mixing_Fluent_Wait" tests="1" failures="0" timestamp="22 Dec 2020 02:55:36 GMT" time="15.071" errors="0">
  <testcase name="TC_02_Loading" time="15.071" classname="b014_Wait.Wait_Part_IV_Mixing_Fluent_Wait"/>
</testsuite> <!-- b014_Wait.Wait_Part_IV_Mixing_Fluent_Wait -->
